{"D:\\gb\\tasks\\vuejs\\org\\organize\\src\\components\\AddPayment.vue": {"path":"D:\\gb\\tasks\\vuejs\\org\\organize\\src\\components\\AddPayment.vue","statementMap":{"0":{"start":{"line":24,"column":0},"end":{"line":24,"column":null}},"1":{"start":{"line":35,"column":0},"end":{"line":35,"column":null}},"2":{"start":{"line":36,"column":0},"end":{"line":36,"column":null}},"3":{"start":{"line":37,"column":0},"end":{"line":37,"column":null}},"4":{"start":{"line":38,"column":0},"end":{"line":38,"column":null}},"5":{"start":{"line":39,"column":0},"end":{"line":39,"column":null}},"6":{"start":{"line":42,"column":0},"end":{"line":42,"column":null}},"7":{"start":{"line":47,"column":0},"end":{"line":47,"column":null}},"8":{"start":{"line":54,"column":0},"end":{"line":54,"column":null}},"9":{"start":{"line":58,"column":0},"end":{"line":61,"column":null}},"10":{"start":{"line":59,"column":0},"end":{"line":61,"column":null}},"11":{"start":{"line":60,"column":0},"end":{"line":60,"column":null}}},"fnMap":{"0":{"name":"data","decl":{"start":{"line":23,"column":0},"end":{"line":23,"column":null}},"loc":{"start":{"line":23,"column":0},"end":{"line":32,"column":null}}},"1":{"name":"getCurrentDate","decl":{"start":{"line":34,"column":0},"end":{"line":34,"column":null}},"loc":{"start":{"line":34,"column":0},"end":{"line":40,"column":null}}},"2":{"name":"getCategoryList","decl":{"start":{"line":41,"column":0},"end":{"line":41,"column":null}},"loc":{"start":{"line":41,"column":0},"end":{"line":43,"column":null}}},"3":{"name":"OnSave","decl":{"start":{"line":46,"column":0},"end":{"line":46,"column":null}},"loc":{"start":{"line":46,"column":0},"end":{"line":55,"column":null}}},"4":{"name":"mounted","decl":{"start":{"line":57,"column":0},"end":{"line":57,"column":null}},"loc":{"start":{"line":57,"column":0},"end":{"line":63,"column":null}}}},"branchMap":{"0":{"loc":{"start":{"line":50,"column":0},"end":{"line":50,"column":null}},"type":"binary-expr","locations":[{"start":{"line":50,"column":0},"end":{"line":50,"column":null}},{"start":{"line":50,"column":0},"end":{"line":50,"column":null}}]},"1":{"loc":{"start":{"line":58,"column":0},"end":{"line":61,"column":null}},"type":"if","locations":[{"start":{"line":58,"column":0},"end":{"line":61,"column":null}}]},"2":{"loc":{"start":{"line":59,"column":0},"end":{"line":61,"column":null}},"type":"if","locations":[{"start":{"line":59,"column":0},"end":{"line":61,"column":null}}]}},"s":{"0":3,"1":0,"2":0,"3":0,"4":0,"5":0,"6":3,"7":0,"8":0,"9":3,"10":0,"11":0},"f":{"0":3,"1":0,"2":3,"3":0,"4":3},"b":{"0":[0,0],"1":[0],"2":[0]}}
,"D:\\gb\\tasks\\vuejs\\org\\organize\\src\\components\\ModalWindow.vue": {"path":"D:\\gb\\tasks\\vuejs\\org\\organize\\src\\components\\ModalWindow.vue","statementMap":{"0":{"start":{"line":15,"column":0},"end":{"line":15,"column":null}},"1":{"start":{"line":26,"column":0},"end":{"line":26,"column":null}}},"fnMap":{"0":{"name":"onCloseClick","decl":{"start":{"line":25,"column":0},"end":{"line":25,"column":null}},"loc":{"start":{"line":25,"column":0},"end":{"line":27,"column":null}}}},"branchMap":{},"s":{"0":0,"1":0},"f":{"0":0},"b":{}}
,"D:\\gb\\tasks\\vuejs\\org\\organize\\src\\components\\MyCalc.vue": {"path":"D:\\gb\\tasks\\vuejs\\org\\organize\\src\\components\\MyCalc.vue","statementMap":{"0":{"start":{"line":38,"column":0},"end":{"line":38,"column":null}},"1":{"start":{"line":51,"column":0},"end":{"line":63,"column":null}},"2":{"start":{"line":52,"column":0},"end":{"line":56,"column":null}},"3":{"start":{"line":53,"column":0},"end":{"line":53,"column":null}},"4":{"start":{"line":55,"column":0},"end":{"line":55,"column":null}},"5":{"start":{"line":57,"column":0},"end":{"line":63,"column":null}},"6":{"start":{"line":58,"column":0},"end":{"line":62,"column":null}},"7":{"start":{"line":59,"column":0},"end":{"line":59,"column":null}},"8":{"start":{"line":61,"column":0},"end":{"line":61,"column":null}},"9":{"start":{"line":65,"column":0},"end":{"line":65,"column":null}},"10":{"start":{"line":66,"column":0},"end":{"line":66,"column":null}},"11":{"start":{"line":69,"column":0},"end":{"line":69,"column":null}},"12":{"start":{"line":70,"column":0},"end":{"line":70,"column":null}},"13":{"start":{"line":72,"column":0},"end":{"line":72,"column":null}},"14":{"start":{"line":73,"column":0},"end":{"line":73,"column":null}},"15":{"start":{"line":75,"column":0},"end":{"line":75,"column":null}},"16":{"start":{"line":76,"column":0},"end":{"line":76,"column":null}},"17":{"start":{"line":78,"column":0},"end":{"line":78,"column":null}},"18":{"start":{"line":79,"column":0},"end":{"line":79,"column":null}},"19":{"start":{"line":81,"column":0},"end":{"line":81,"column":null}},"20":{"start":{"line":82,"column":0},"end":{"line":82,"column":null}},"21":{"start":{"line":84,"column":0},"end":{"line":84,"column":null}},"22":{"start":{"line":85,"column":0},"end":{"line":85,"column":null}},"23":{"start":{"line":89,"column":0},"end":{"line":89,"column":null}},"24":{"start":{"line":92,"column":0},"end":{"line":92,"column":null}},"25":{"start":{"line":95,"column":0},"end":{"line":95,"column":null}},"26":{"start":{"line":98,"column":0},"end":{"line":98,"column":null}},"27":{"start":{"line":101,"column":0},"end":{"line":101,"column":null}},"28":{"start":{"line":105,"column":0},"end":{"line":105,"column":null}},"29":{"start":{"line":108,"column":0},"end":{"line":108,"column":null}},"30":{"start":{"line":109,"column":0},"end":{"line":109,"column":null}},"31":{"start":{"line":110,"column":0},"end":{"line":110,"column":null}}},"fnMap":{"0":{"name":"data","decl":{"start":{"line":37,"column":0},"end":{"line":37,"column":null}},"loc":{"start":{"line":37,"column":0},"end":{"line":48,"column":null}}},"1":{"name":"input","decl":{"start":{"line":50,"column":0},"end":{"line":50,"column":null}},"loc":{"start":{"line":50,"column":0},"end":{"line":64,"column":null}}},"2":{"name":"calculate","decl":{"start":{"line":65,"column":0},"end":{"line":65,"column":null}},"loc":{"start":{"line":65,"column":0},"end":{"line":87,"column":null}}},"3":{"name":"add","decl":{"start":{"line":88,"column":0},"end":{"line":88,"column":null}},"loc":{"start":{"line":88,"column":0},"end":{"line":90,"column":null}}},"4":{"name":"minus","decl":{"start":{"line":91,"column":0},"end":{"line":91,"column":null}},"loc":{"start":{"line":91,"column":0},"end":{"line":93,"column":null}}},"5":{"name":"all","decl":{"start":{"line":94,"column":0},"end":{"line":94,"column":null}},"loc":{"start":{"line":94,"column":0},"end":{"line":96,"column":null}}},"6":{"name":"del","decl":{"start":{"line":97,"column":0},"end":{"line":97,"column":null}},"loc":{"start":{"line":97,"column":0},"end":{"line":99,"column":null}}},"7":{"name":"pow","decl":{"start":{"line":100,"column":0},"end":{"line":100,"column":null}},"loc":{"start":{"line":100,"column":0},"end":{"line":102,"column":null}}},"8":{"name":"fullpart","decl":{"start":{"line":104,"column":0},"end":{"line":104,"column":null}},"loc":{"start":{"line":104,"column":0},"end":{"line":106,"column":null}}},"9":{"name":"_delete","decl":{"start":{"line":107,"column":0},"end":{"line":107,"column":null}},"loc":{"start":{"line":107,"column":0},"end":{"line":111,"column":null}}}},"branchMap":{"0":{"loc":{"start":{"line":51,"column":0},"end":{"line":63,"column":null}},"type":"if","locations":[{"start":{"line":51,"column":0},"end":{"line":63,"column":null}},{"start":{"line":57,"column":0},"end":{"line":63,"column":null}}]},"1":{"loc":{"start":{"line":52,"column":0},"end":{"line":56,"column":null}},"type":"if","locations":[{"start":{"line":52,"column":0},"end":{"line":56,"column":null}},{"start":{"line":54,"column":0},"end":{"line":56,"column":null}}]},"2":{"loc":{"start":{"line":57,"column":0},"end":{"line":63,"column":null}},"type":"if","locations":[{"start":{"line":57,"column":0},"end":{"line":63,"column":null}}]},"3":{"loc":{"start":{"line":58,"column":0},"end":{"line":62,"column":null}},"type":"if","locations":[{"start":{"line":58,"column":0},"end":{"line":62,"column":null}},{"start":{"line":60,"column":0},"end":{"line":62,"column":null}}]},"4":{"loc":{"start":{"line":65,"column":0},"end":{"line":65,"column":null}},"type":"cond-expr","locations":[{"start":{"line":65,"column":0},"end":{"line":65,"column":null}},{"start":{"line":65,"column":0},"end":{"line":65,"column":null}}]},"5":{"loc":{"start":{"line":66,"column":0},"end":{"line":66,"column":null}},"type":"switch","locations":[{"start":{"line":67,"column":0},"end":{"line":70,"column":null}},{"start":{"line":71,"column":0},"end":{"line":73,"column":null}},{"start":{"line":74,"column":0},"end":{"line":76,"column":null}},{"start":{"line":77,"column":0},"end":{"line":79,"column":null}},{"start":{"line":80,"column":0},"end":{"line":82,"column":null}},{"start":{"line":83,"column":0},"end":{"line":85,"column":null}}]}},"s":{"0":4,"1":0,"2":0,"3":0,"4":0,"5":0,"6":0,"7":0,"8":0,"9":2,"10":2,"11":1,"12":1,"13":1,"14":1,"15":0,"16":0,"17":0,"18":0,"19":0,"20":0,"21":0,"22":0,"23":1,"24":1,"25":0,"26":0,"27":0,"28":0,"29":0,"30":0,"31":0},"f":{"0":4,"1":0,"2":2,"3":1,"4":1,"5":0,"6":0,"7":0,"8":0,"9":0},"b":{"0":[0,0],"1":[0,0],"2":[0],"3":[0,0],"4":[4,2],"5":[1,1,0,0,0,0]}}
,"D:\\gb\\tasks\\vuejs\\org\\organize\\src\\components\\MyModal.vue": {"path":"D:\\gb\\tasks\\vuejs\\org\\organize\\src\\components\\MyModal.vue","statementMap":{"0":{"start":{"line":27,"column":0},"end":{"line":27,"column":null}},"1":{"start":{"line":40,"column":0},"end":{"line":40,"column":null}},"2":{"start":{"line":44,"column":0},"end":{"line":44,"column":null}},"3":{"start":{"line":48,"column":0},"end":{"line":48,"column":null}},"4":{"start":{"line":52,"column":0},"end":{"line":52,"column":null}},"5":{"start":{"line":56,"column":0},"end":{"line":60,"column":null}},"6":{"start":{"line":57,"column":0},"end":{"line":59,"column":null}},"7":{"start":{"line":58,"column":0},"end":{"line":58,"column":null}}},"fnMap":{"0":{"name":"data","decl":{"start":{"line":26,"column":0},"end":{"line":26,"column":null}},"loc":{"start":{"line":26,"column":0},"end":{"line":37,"column":null}}},"1":{"name":"getCategoryList","decl":{"start":{"line":39,"column":0},"end":{"line":39,"column":null}},"loc":{"start":{"line":39,"column":0},"end":{"line":40,"column":null}}},"2":{"name":"OnSave","decl":{"start":{"line":43,"column":0},"end":{"line":43,"column":null}},"loc":{"start":{"line":43,"column":0},"end":{"line":45,"column":null}}},"3":{"name":"OnEdit","decl":{"start":{"line":47,"column":0},"end":{"line":47,"column":null}},"loc":{"start":{"line":47,"column":0},"end":{"line":50,"column":null}}},"4":{"name":"OnDelete","decl":{"start":{"line":51,"column":0},"end":{"line":51,"column":null}},"loc":{"start":{"line":51,"column":0},"end":{"line":53,"column":null}}},"5":{"name":"mounted","decl":{"start":{"line":55,"column":0},"end":{"line":55,"column":null}},"loc":{"start":{"line":55,"column":0},"end":{"line":61,"column":null}}}},"branchMap":{"0":{"loc":{"start":{"line":56,"column":0},"end":{"line":60,"column":null}},"type":"if","locations":[{"start":{"line":56,"column":0},"end":{"line":60,"column":null}}]},"1":{"loc":{"start":{"line":57,"column":0},"end":{"line":59,"column":null}},"type":"if","locations":[{"start":{"line":57,"column":0},"end":{"line":59,"column":null}}]}},"s":{"0":2,"1":2,"2":0,"3":1,"4":1,"5":2,"6":0,"7":0},"f":{"0":2,"1":2,"2":0,"3":1,"4":1,"5":2},"b":{"0":[0],"1":[0]}}
,"D:\\gb\\tasks\\vuejs\\org\\organize\\src\\components\\MyPagination.vue": {"path":"D:\\gb\\tasks\\vuejs\\org\\organize\\src\\components\\MyPagination.vue","statementMap":{"0":{"start":{"line":20,"column":0},"end":{"line":20,"column":null}},"1":{"start":{"line":26,"column":0},"end":{"line":26,"column":null}},"2":{"start":{"line":31,"column":0},"end":{"line":33,"column":null}},"3":{"start":{"line":32,"column":0},"end":{"line":32,"column":null}},"4":{"start":{"line":34,"column":0},"end":{"line":34,"column":null}}},"fnMap":{"0":{"name":"data","decl":{"start":{"line":19,"column":0},"end":{"line":19,"column":null}},"loc":{"start":{"line":19,"column":0},"end":{"line":23,"column":null}}},"1":{"name":"amount","decl":{"start":{"line":25,"column":0},"end":{"line":25,"column":null}},"loc":{"start":{"line":25,"column":0},"end":{"line":27,"column":null}}},"2":{"name":"OnClick","decl":{"start":{"line":30,"column":0},"end":{"line":30,"column":null}},"loc":{"start":{"line":30,"column":0},"end":{"line":35,"column":null}}}},"branchMap":{"0":{"loc":{"start":{"line":31,"column":0},"end":{"line":33,"column":null}},"type":"if","locations":[{"start":{"line":31,"column":0},"end":{"line":33,"column":null}}]},"1":{"loc":{"start":{"line":31,"column":0},"end":{"line":31,"column":null}},"type":"binary-expr","locations":[{"start":{"line":31,"column":0},"end":{"line":31,"column":null}},{"start":{"line":31,"column":0},"end":{"line":31,"column":null}}]}},"s":{"0":0,"1":0,"2":0,"3":0,"4":0},"f":{"0":0,"1":0,"2":0},"b":{"0":[0],"1":[0,0]}}
,"D:\\gb\\tasks\\vuejs\\org\\organize\\src\\components\\MyVuex.vue": {"path":"D:\\gb\\tasks\\vuejs\\org\\organize\\src\\components\\MyVuex.vue","statementMap":{"0":{"start":{"line":9,"column":0},"end":{"line":9,"column":null}},"1":{"start":{"line":13,"column":0},"end":{"line":13,"column":null}},"2":{"start":{"line":20,"column":0},"end":{"line":20,"column":null}}},"fnMap":{"0":{"name":"data","decl":{"start":{"line":12,"column":0},"end":{"line":12,"column":null}},"loc":{"start":{"line":12,"column":0},"end":{"line":16,"column":null}}},"1":{"name":"onSave","decl":{"start":{"line":19,"column":0},"end":{"line":19,"column":null}},"loc":{"start":{"line":19,"column":0},"end":{"line":21,"column":null}}}},"branchMap":{},"s":{"0":1,"1":1,"2":1},"f":{"0":1,"1":1},"b":{}}
,"D:\\gb\\tasks\\vuejs\\org\\organize\\src\\components\\PaymentDisplay.vue": {"path":"D:\\gb\\tasks\\vuejs\\org\\organize\\src\\components\\PaymentDisplay.vue","statementMap":{"0":{"start":{"line":30,"column":0},"end":{"line":30,"column":null}}},"fnMap":{"0":{"name":"addFormOpen","decl":{"start":{"line":29,"column":0},"end":{"line":29,"column":null}},"loc":{"start":{"line":29,"column":0},"end":{"line":37,"column":null}}}},"branchMap":{},"s":{"0":0},"f":{"0":0},"b":{}}
,"D:\\gb\\tasks\\vuejs\\org\\organize\\src\\views\\AboutView.vue": {"path":"D:\\gb\\tasks\\vuejs\\org\\organize\\src\\views\\AboutView.vue","statementMap":{"0":{"start":{"line":20,"column":0},"end":{"line":20,"column":null}},"1":{"start":{"line":32,"column":0},"end":{"line":32,"column":null}},"2":{"start":{"line":33,"column":0},"end":{"line":33,"column":null}},"3":{"start":{"line":34,"column":0},"end":{"line":34,"column":null}},"4":{"start":{"line":35,"column":0},"end":{"line":35,"column":null}},"5":{"start":{"line":36,"column":0},"end":{"line":36,"column":null}},"6":{"start":{"line":39,"column":0},"end":{"line":39,"column":null}},"7":{"start":{"line":44,"column":0},"end":{"line":44,"column":null}},"8":{"start":{"line":50,"column":0},"end":{"line":50,"column":null}},"9":{"start":{"line":55,"column":0},"end":{"line":57,"column":null}},"10":{"start":{"line":56,"column":0},"end":{"line":56,"column":null}},"11":{"start":{"line":58,"column":0},"end":{"line":63,"column":null}},"12":{"start":{"line":59,"column":0},"end":{"line":59,"column":null}},"13":{"start":{"line":60,"column":0},"end":{"line":62,"column":null}},"14":{"start":{"line":61,"column":0},"end":{"line":61,"column":null}}},"fnMap":{"0":{"name":"data","decl":{"start":{"line":19,"column":0},"end":{"line":19,"column":null}},"loc":{"start":{"line":19,"column":0},"end":{"line":29,"column":null}}},"1":{"name":"getCurrentDate","decl":{"start":{"line":31,"column":0},"end":{"line":31,"column":null}},"loc":{"start":{"line":31,"column":0},"end":{"line":37,"column":null}}},"2":{"name":"getCategoryList","decl":{"start":{"line":38,"column":0},"end":{"line":38,"column":null}},"loc":{"start":{"line":38,"column":0},"end":{"line":40,"column":null}}},"3":{"name":"OnSave","decl":{"start":{"line":43,"column":0},"end":{"line":43,"column":null}},"loc":{"start":{"line":43,"column":0},"end":{"line":52,"column":null}}},"4":{"name":"mounted","decl":{"start":{"line":54,"column":0},"end":{"line":54,"column":null}},"loc":{"start":{"line":54,"column":0},"end":{"line":64,"column":null}}}},"branchMap":{"0":{"loc":{"start":{"line":47,"column":0},"end":{"line":47,"column":null}},"type":"binary-expr","locations":[{"start":{"line":47,"column":0},"end":{"line":47,"column":null}},{"start":{"line":47,"column":0},"end":{"line":47,"column":null}}]},"1":{"loc":{"start":{"line":55,"column":0},"end":{"line":57,"column":null}},"type":"if","locations":[{"start":{"line":55,"column":0},"end":{"line":57,"column":null}}]},"2":{"loc":{"start":{"line":58,"column":0},"end":{"line":63,"column":null}},"type":"if","locations":[{"start":{"line":58,"column":0},"end":{"line":63,"column":null}}]},"3":{"loc":{"start":{"line":58,"column":0},"end":{"line":58,"column":null}},"type":"binary-expr","locations":[{"start":{"line":58,"column":0},"end":{"line":58,"column":null}},{"start":{"line":58,"column":0},"end":{"line":58,"column":null}},{"start":{"line":58,"column":0},"end":{"line":58,"column":null}}]},"4":{"loc":{"start":{"line":60,"column":0},"end":{"line":62,"column":null}},"type":"if","locations":[{"start":{"line":60,"column":0},"end":{"line":62,"column":null}}]},"5":{"loc":{"start":{"line":60,"column":0},"end":{"line":60,"column":null}},"type":"binary-expr","locations":[{"start":{"line":60,"column":0},"end":{"line":60,"column":null}},{"start":{"line":60,"column":0},"end":{"line":60,"column":null}},{"start":{"line":60,"column":0},"end":{"line":60,"column":null}}]}},"s":{"0":0,"1":0,"2":0,"3":0,"4":0,"5":0,"6":0,"7":0,"8":0,"9":0,"10":0,"11":0,"12":0,"13":0,"14":0},"f":{"0":0,"1":0,"2":0,"3":0,"4":0},"b":{"0":[0,0],"1":[0],"2":[0],"3":[0,0,0],"4":[0],"5":[0,0,0]}}
,"D:\\gb\\tasks\\vuejs\\org\\organize\\src\\views\\HomeView.vue": {"path":"D:\\gb\\tasks\\vuejs\\org\\organize\\src\\views\\HomeView.vue","statementMap":{"0":{"start":{"line":15,"column":0},"end":{"line":15,"column":null}},"1":{"start":{"line":16,"column":0},"end":{"line":16,"column":null}},"2":{"start":{"line":17,"column":0},"end":{"line":17,"column":null}},"3":{"start":{"line":18,"column":0},"end":{"line":18,"column":null}},"4":{"start":{"line":29,"column":0},"end":{"line":29,"column":null}},"5":{"start":{"line":43,"column":0},"end":{"line":43,"column":null}},"6":{"start":{"line":46,"column":0},"end":{"line":46,"column":null}},"7":{"start":{"line":49,"column":0},"end":{"line":49,"column":null}},"8":{"start":{"line":54,"column":0},"end":{"line":54,"column":null}},"9":{"start":{"line":55,"column":0},"end":{"line":55,"column":null}},"10":{"start":{"line":56,"column":0},"end":{"line":56,"column":null}},"11":{"start":{"line":59,"column":0},"end":{"line":59,"column":null}},"12":{"start":{"line":60,"column":0},"end":{"line":60,"column":null}},"13":{"start":{"line":63,"column":0},"end":{"line":63,"column":null}},"14":{"start":{"line":70,"column":0},"end":{"line":83,"column":null}},"15":{"start":{"line":93,"column":0},"end":{"line":93,"column":null}},"16":{"start":{"line":96,"column":0},"end":{"line":96,"column":null}},"17":{"start":{"line":100,"column":0},"end":{"line":100,"column":null}},"18":{"start":{"line":101,"column":0},"end":{"line":101,"column":null}},"19":{"start":{"line":108,"column":0},"end":{"line":108,"column":null}},"20":{"start":{"line":111,"column":0},"end":{"line":111,"column":null}},"21":{"start":{"line":112,"column":0},"end":{"line":112,"column":null}}},"fnMap":{"0":{"name":"data","decl":{"start":{"line":28,"column":0},"end":{"line":28,"column":null}},"loc":{"start":{"line":28,"column":0},"end":{"line":39,"column":null}}},"1":{"name":"getFPV","decl":{"start":{"line":42,"column":0},"end":{"line":42,"column":null}},"loc":{"start":{"line":42,"column":0},"end":{"line":44,"column":null}}},"2":{"name":"PaymentList","decl":{"start":{"line":45,"column":0},"end":{"line":45,"column":null}},"loc":{"start":{"line":45,"column":0},"end":{"line":47,"column":null}}},"3":{"name":"currentElements","decl":{"start":{"line":48,"column":0},"end":{"line":48,"column":null}},"loc":{"start":{"line":48,"column":0},"end":{"line":50,"column":null}}},"4":{"name":"onShown","decl":{"start":{"line":53,"column":0},"end":{"line":53,"column":null}},"loc":{"start":{"line":53,"column":0},"end":{"line":57,"column":null}}},"5":{"name":"onHide","decl":{"start":{"line":58,"column":0},"end":{"line":58,"column":null}},"loc":{"start":{"line":58,"column":0},"end":{"line":61,"column":null}}},"6":{"name":"addFormOpen","decl":{"start":{"line":62,"column":0},"end":{"line":62,"column":null}},"loc":{"start":{"line":62,"column":0},"end":{"line":67,"column":null}}},"7":{"name":"fetchData","decl":{"start":{"line":69,"column":0},"end":{"line":69,"column":null}},"loc":{"start":{"line":69,"column":0},"end":{"line":90,"column":null}}},"8":{"name":"addData","decl":{"start":{"line":91,"column":0},"end":{"line":91,"column":null}},"loc":{"start":{"line":91,"column":0},"end":{"line":94,"column":null}}},"9":{"name":"OnChangePage","decl":{"start":{"line":95,"column":0},"end":{"line":95,"column":null}},"loc":{"start":{"line":95,"column":0},"end":{"line":97,"column":null}}},"10":{"name":"mounted","decl":{"start":{"line":99,"column":0},"end":{"line":99,"column":null}},"loc":{"start":{"line":99,"column":0},"end":{"line":102,"column":null}}},"11":{"name":"created","decl":{"start":{"line":104,"column":0},"end":{"line":104,"column":null}},"loc":{"start":{"line":104,"column":0},"end":{"line":109,"column":null}}},"12":{"name":"beforeDestroy","decl":{"start":{"line":110,"column":0},"end":{"line":110,"column":null}},"loc":{"start":{"line":110,"column":0},"end":{"line":113,"column":null}}}},"branchMap":{},"s":{"0":0,"1":0,"2":0,"3":0,"4":0,"5":0,"6":0,"7":0,"8":0,"9":0,"10":0,"11":0,"12":0,"13":0,"14":0,"15":0,"16":0,"17":0,"18":0,"19":0,"20":0,"21":0},"f":{"0":0,"1":0,"2":0,"3":0,"4":0,"5":0,"6":0,"7":0,"8":0,"9":0,"10":0,"11":0,"12":0},"b":{}}
}
