TN:
SF:src\components\AddPayment.vue
FN:23,data
FN:34,getCurrentDate
FN:41,getCategoryList
FN:46,OnSave
FN:57,mounted
FNF:5
FNH:3
FNDA:3,data
FNDA:0,getCurrentDate
FNDA:3,getCategoryList
FNDA:0,OnSave
FNDA:3,mounted
DA:24,3
DA:35,0
DA:36,0
DA:37,0
DA:38,0
DA:39,0
DA:42,3
DA:47,0
DA:54,0
DA:58,3
DA:59,0
DA:60,0
LF:12
LH:3
BRDA:50,0,0,0
BRDA:50,0,1,0
BRDA:58,1,0,0
BRDA:59,2,0,0
BRF:4
BRH:0
end_of_record
TN:
SF:src\components\ModalWindow.vue
FN:25,onCloseClick
FNF:1
FNH:0
FNDA:0,onCloseClick
DA:15,0
DA:26,0
LF:2
LH:0
BRF:0
BRH:0
end_of_record
TN:
SF:src\components\MyCalc.vue
FN:37,data
FN:50,input
FN:65,calculate
FN:88,add
FN:91,minus
FN:94,all
FN:97,del
FN:100,pow
FN:104,fullpart
FN:107,_delete
FNF:10
FNH:4
FNDA:4,data
FNDA:0,input
FNDA:2,calculate
FNDA:1,add
FNDA:1,minus
FNDA:0,all
FNDA:0,del
FNDA:0,pow
FNDA:0,fullpart
FNDA:0,_delete
DA:38,4
DA:51,0
DA:52,0
DA:53,0
DA:55,0
DA:57,0
DA:58,0
DA:59,0
DA:61,0
DA:65,2
DA:66,2
DA:69,1
DA:70,1
DA:72,1
DA:73,1
DA:75,0
DA:76,0
DA:78,0
DA:79,0
DA:81,0
DA:82,0
DA:84,0
DA:85,0
DA:89,1
DA:92,1
DA:95,0
DA:98,0
DA:101,0
DA:105,0
DA:108,0
DA:109,0
DA:110,0
LF:32
LH:9
BRDA:51,0,0,0
BRDA:51,0,1,0
BRDA:52,1,0,0
BRDA:52,1,1,0
BRDA:57,2,0,0
BRDA:58,3,0,0
BRDA:58,3,1,0
BRDA:65,4,0,4
BRDA:65,4,1,2
BRDA:66,5,0,1
BRDA:66,5,1,1
BRDA:66,5,2,0
BRDA:66,5,3,0
BRDA:66,5,4,0
BRDA:66,5,5,0
BRF:15
BRH:4
end_of_record
TN:
SF:src\components\MyModal.vue
FN:26,data
FN:39,getCategoryList
FN:43,OnSave
FN:47,OnEdit
FN:51,OnDelete
FN:55,mounted
FNF:6
FNH:5
FNDA:2,data
FNDA:2,getCategoryList
FNDA:0,OnSave
FNDA:1,OnEdit
FNDA:1,OnDelete
FNDA:2,mounted
DA:27,2
DA:40,2
DA:44,0
DA:48,1
DA:52,1
DA:56,2
DA:57,0
DA:58,0
LF:8
LH:5
BRDA:56,0,0,0
BRDA:57,1,0,0
BRF:2
BRH:0
end_of_record
TN:
SF:src\components\MyPagination.vue
FN:19,data
FN:25,amount
FN:30,OnClick
FNF:3
FNH:0
FNDA:0,data
FNDA:0,amount
FNDA:0,OnClick
DA:20,0
DA:26,0
DA:31,0
DA:32,0
DA:34,0
LF:5
LH:0
BRDA:31,0,0,0
BRDA:31,1,0,0
BRDA:31,1,1,0
BRF:3
BRH:0
end_of_record
TN:
SF:src\components\MyVuex.vue
FN:12,data
FN:19,onSave
FNF:2
FNH:2
FNDA:1,data
FNDA:1,onSave
DA:9,1
DA:13,1
DA:20,1
LF:3
LH:3
BRF:0
BRH:0
end_of_record
TN:
SF:src\components\PaymentDisplay.vue
FN:29,addFormOpen
FNF:1
FNH:0
FNDA:0,addFormOpen
DA:30,0
LF:1
LH:0
BRF:0
BRH:0
end_of_record
TN:
SF:src\views\AboutView.vue
FN:19,data
FN:31,getCurrentDate
FN:38,getCategoryList
FN:43,OnSave
FN:54,mounted
FNF:5
FNH:0
FNDA:0,data
FNDA:0,getCurrentDate
FNDA:0,getCategoryList
FNDA:0,OnSave
FNDA:0,mounted
DA:20,0
DA:32,0
DA:33,0
DA:34,0
DA:35,0
DA:36,0
DA:39,0
DA:44,0
DA:50,0
DA:55,0
DA:56,0
DA:58,0
DA:59,0
DA:60,0
DA:61,0
LF:15
LH:0
BRDA:47,0,0,0
BRDA:47,0,1,0
BRDA:55,1,0,0
BRDA:58,2,0,0
BRDA:58,3,0,0
BRDA:58,3,1,0
BRDA:58,3,2,0
BRDA:60,4,0,0
BRDA:60,5,0,0
BRDA:60,5,1,0
BRDA:60,5,2,0
BRF:11
BRH:0
end_of_record
TN:
SF:src\views\HomeView.vue
FN:28,data
FN:42,getFPV
FN:45,PaymentList
FN:48,currentElements
FN:53,onShown
FN:58,onHide
FN:62,addFormOpen
FN:69,fetchData
FN:91,addData
FN:95,OnChangePage
FN:99,mounted
FN:104,created
FN:110,beforeDestroy
FNF:13
FNH:0
FNDA:0,data
FNDA:0,getFPV
FNDA:0,PaymentList
FNDA:0,currentElements
FNDA:0,onShown
FNDA:0,onHide
FNDA:0,addFormOpen
FNDA:0,fetchData
FNDA:0,addData
FNDA:0,OnChangePage
FNDA:0,mounted
FNDA:0,created
FNDA:0,beforeDestroy
DA:15,0
DA:16,0
DA:17,0
DA:18,0
DA:29,0
DA:43,0
DA:46,0
DA:49,0
DA:54,0
DA:55,0
DA:56,0
DA:59,0
DA:60,0
DA:63,0
DA:70,0
DA:93,0
DA:96,0
DA:100,0
DA:101,0
DA:108,0
DA:111,0
DA:112,0
LF:22
LH:0
BRF:0
BRH:0
end_of_record
